{"D:\\katas\\architecture\\Kata--GildedRose--Refactoring\\src\\gilded_rose.js": {"path":"D:\\katas\\architecture\\Kata--GildedRose--Refactoring\\src\\gilded_rose.js","statementMap":{"0":{"start":{"line":1,"column":20},"end":{"line":1,"column":22}},"1":{"start":{"line":2,"column":20},"end":{"line":2,"column":21}},"2":{"start":{"line":3,"column":23},"end":{"line":3,"column":25}},"3":{"start":{"line":4,"column":19},"end":{"line":4,"column":25}},"4":{"start":{"line":8,"column":4},"end":{"line":8,"column":21}},"5":{"start":{"line":9,"column":4},"end":{"line":9,"column":25}},"6":{"start":{"line":10,"column":4},"end":{"line":10,"column":27}},"7":{"start":{"line":14,"column":4},"end":{"line":14,"column":23}},"8":{"start":{"line":21,"column":4},"end":{"line":21,"column":68}},"9":{"start":{"line":24,"column":4},"end":{"line":24,"column":23}},"10":{"start":{"line":29,"column":4},"end":{"line":29,"column":72}},"11":{"start":{"line":32,"column":4},"end":{"line":32,"column":21}},"12":{"start":{"line":33,"column":4},"end":{"line":36,"column":64}},"13":{"start":{"line":33,"column":26},"end":{"line":33,"column":43}},"14":{"start":{"line":34,"column":11},"end":{"line":36,"column":64}},"15":{"start":{"line":34,"column":33},"end":{"line":34,"column":88}},"16":{"start":{"line":35,"column":11},"end":{"line":36,"column":64}},"17":{"start":{"line":35,"column":34},"end":{"line":35,"column":89}},"18":{"start":{"line":36,"column":9},"end":{"line":36,"column":64}},"19":{"start":{"line":42,"column":4},"end":{"line":42,"column":53}},"20":{"start":{"line":45,"column":4},"end":{"line":45,"column":23}},"21":{"start":{"line":51,"column":4},"end":{"line":51,"column":40}},"22":{"start":{"line":54,"column":4},"end":{"line":54,"column":21}},"23":{"start":{"line":55,"column":4},"end":{"line":56,"column":69}},"24":{"start":{"line":55,"column":26},"end":{"line":55,"column":86}},"25":{"start":{"line":56,"column":9},"end":{"line":56,"column":69}},"26":{"start":{"line":62,"column":4},"end":{"line":62,"column":48}},"27":{"start":{"line":65,"column":4},"end":{"line":65,"column":23}},"28":{"start":{"line":71,"column":4},"end":{"line":71,"column":23}},"29":{"start":{"line":74,"column":4},"end":{"line":74,"column":76}},"30":{"start":{"line":74,"column":17},"end":{"line":74,"column":18}},"31":{"start":{"line":74,"column":48},"end":{"line":74,"column":75}},"32":{"start":{"line":75,"column":4},"end":{"line":75,"column":22}},"33":{"start":{"line":80,"column":2},"end":{"line":80,"column":19}},"34":{"start":{"line":81,"column":2},"end":{"line":82,"column":64}},"35":{"start":{"line":81,"column":24},"end":{"line":81,"column":79}},"36":{"start":{"line":82,"column":9},"end":{"line":82,"column":64}},"37":{"start":{"line":85,"column":0},"end":{"line":93,"column":1}}},"fnMap":{"0":{"name":"(anonymous_0)","decl":{"start":{"line":7,"column":2},"end":{"line":7,"column":3}},"loc":{"start":{"line":7,"column":36},"end":{"line":11,"column":3}},"line":7},"1":{"name":"(anonymous_1)","decl":{"start":{"line":13,"column":2},"end":{"line":13,"column":3}},"loc":{"start":{"line":13,"column":14},"end":{"line":15,"column":3}},"line":13},"2":{"name":"(anonymous_2)","decl":{"start":{"line":20,"column":2},"end":{"line":20,"column":3}},"loc":{"start":{"line":20,"column":15},"end":{"line":22,"column":3}},"line":20},"3":{"name":"(anonymous_3)","decl":{"start":{"line":23,"column":2},"end":{"line":23,"column":3}},"loc":{"start":{"line":23,"column":14},"end":{"line":25,"column":3}},"line":23},"4":{"name":"(anonymous_4)","decl":{"start":{"line":28,"column":2},"end":{"line":28,"column":3}},"loc":{"start":{"line":28,"column":30},"end":{"line":30,"column":3}},"line":28},"5":{"name":"(anonymous_5)","decl":{"start":{"line":31,"column":2},"end":{"line":31,"column":3}},"loc":{"start":{"line":31,"column":14},"end":{"line":37,"column":3}},"line":31},"6":{"name":"(anonymous_6)","decl":{"start":{"line":41,"column":2},"end":{"line":41,"column":3}},"loc":{"start":{"line":41,"column":30},"end":{"line":43,"column":3}},"line":41},"7":{"name":"(anonymous_7)","decl":{"start":{"line":44,"column":2},"end":{"line":44,"column":3}},"loc":{"start":{"line":44,"column":14},"end":{"line":46,"column":3}},"line":44},"8":{"name":"(anonymous_8)","decl":{"start":{"line":50,"column":2},"end":{"line":50,"column":3}},"loc":{"start":{"line":50,"column":30},"end":{"line":52,"column":3}},"line":50},"9":{"name":"(anonymous_9)","decl":{"start":{"line":53,"column":2},"end":{"line":53,"column":3}},"loc":{"start":{"line":53,"column":14},"end":{"line":57,"column":3}},"line":53},"10":{"name":"(anonymous_10)","decl":{"start":{"line":61,"column":2},"end":{"line":61,"column":3}},"loc":{"start":{"line":61,"column":30},"end":{"line":63,"column":3}},"line":61},"11":{"name":"(anonymous_11)","decl":{"start":{"line":64,"column":2},"end":{"line":64,"column":3}},"loc":{"start":{"line":64,"column":14},"end":{"line":66,"column":3}},"line":64},"12":{"name":"(anonymous_12)","decl":{"start":{"line":70,"column":2},"end":{"line":70,"column":3}},"loc":{"start":{"line":70,"column":23},"end":{"line":72,"column":3}},"line":70},"13":{"name":"(anonymous_13)","decl":{"start":{"line":73,"column":2},"end":{"line":73,"column":3}},"loc":{"start":{"line":73,"column":15},"end":{"line":76,"column":3}},"line":73},"14":{"name":"communUpdate","decl":{"start":{"line":79,"column":9},"end":{"line":79,"column":21}},"loc":{"start":{"line":79,"column":27},"end":{"line":83,"column":1}},"line":79}},"branchMap":{"0":{"loc":{"start":{"line":33,"column":4},"end":{"line":36,"column":64}},"type":"if","locations":[{"start":{"line":33,"column":4},"end":{"line":36,"column":64}},{"start":{"line":33,"column":4},"end":{"line":36,"column":64}}],"line":33},"1":{"loc":{"start":{"line":34,"column":11},"end":{"line":36,"column":64}},"type":"if","locations":[{"start":{"line":34,"column":11},"end":{"line":36,"column":64}},{"start":{"line":34,"column":11},"end":{"line":36,"column":64}}],"line":34},"2":{"loc":{"start":{"line":35,"column":11},"end":{"line":36,"column":64}},"type":"if","locations":[{"start":{"line":35,"column":11},"end":{"line":36,"column":64}},{"start":{"line":35,"column":11},"end":{"line":36,"column":64}}],"line":35},"3":{"loc":{"start":{"line":55,"column":4},"end":{"line":56,"column":69}},"type":"if","locations":[{"start":{"line":55,"column":4},"end":{"line":56,"column":69}},{"start":{"line":55,"column":4},"end":{"line":56,"column":69}}],"line":55},"4":{"loc":{"start":{"line":70,"column":14},"end":{"line":70,"column":22}},"type":"default-arg","locations":[{"start":{"line":70,"column":20},"end":{"line":70,"column":22}}],"line":70},"5":{"loc":{"start":{"line":81,"column":2},"end":{"line":82,"column":64}},"type":"if","locations":[{"start":{"line":81,"column":2},"end":{"line":82,"column":64}},{"start":{"line":81,"column":2},"end":{"line":82,"column":64}}],"line":81}},"s":{"0":1,"1":1,"2":1,"3":1,"4":11,"5":11,"6":11,"7":7,"8":3,"9":15,"10":3,"11":21,"12":21,"13":3,"14":18,"15":7,"16":11,"17":7,"18":4,"19":1,"20":7,"21":2,"22":14,"23":14,"24":12,"25":2,"26":1,"27":7,"28":2,"29":8,"30":8,"31":71,"32":8,"33":21,"34":21,"35":8,"36":13,"37":1},"f":{"0":11,"1":7,"2":3,"3":15,"4":3,"5":21,"6":1,"7":7,"8":2,"9":14,"10":1,"11":7,"12":2,"13":8,"14":21},"b":{"0":[3,18],"1":[7,11],"2":[7,4],"3":[12,2],"4":[0],"5":[8,13]},"_coverageSchema":"43e27e138ebf9cfc5966b082cf9a028302ed4184","hash":"13b5340f2e7196fb8fae2d9b3cd8733699ae4032"}
}
