TN:
SF:D:\katas\architecture\Kata--GildedRose--Refactoring\src\gilded_rose.js
FN:7,(anonymous_0)
FN:13,(anonymous_1)
FN:20,(anonymous_2)
FN:23,(anonymous_3)
FN:28,(anonymous_4)
FN:31,(anonymous_5)
FN:41,(anonymous_6)
FN:44,(anonymous_7)
FN:50,(anonymous_8)
FN:53,(anonymous_9)
FN:61,(anonymous_10)
FN:64,(anonymous_11)
FN:70,(anonymous_12)
FN:73,(anonymous_13)
FN:79,communUpdate
FNF:15
FNH:15
FNDA:11,(anonymous_0)
FNDA:7,(anonymous_1)
FNDA:3,(anonymous_2)
FNDA:15,(anonymous_3)
FNDA:3,(anonymous_4)
FNDA:21,(anonymous_5)
FNDA:1,(anonymous_6)
FNDA:7,(anonymous_7)
FNDA:2,(anonymous_8)
FNDA:14,(anonymous_9)
FNDA:1,(anonymous_10)
FNDA:7,(anonymous_11)
FNDA:2,(anonymous_12)
FNDA:8,(anonymous_13)
FNDA:21,communUpdate
DA:1,1
DA:2,1
DA:3,1
DA:4,1
DA:8,11
DA:9,11
DA:10,11
DA:14,7
DA:21,3
DA:24,15
DA:29,3
DA:32,21
DA:33,21
DA:34,18
DA:35,11
DA:36,4
DA:42,1
DA:45,7
DA:51,2
DA:54,14
DA:55,14
DA:56,2
DA:62,1
DA:65,7
DA:71,2
DA:74,71
DA:75,8
DA:80,21
DA:81,21
DA:82,13
DA:85,1
LF:31
LH:31
BRDA:33,0,0,3
BRDA:33,0,1,18
BRDA:34,1,0,7
BRDA:34,1,1,11
BRDA:35,2,0,7
BRDA:35,2,1,4
BRDA:55,3,0,12
BRDA:55,3,1,2
BRDA:70,4,0,0
BRDA:81,5,0,8
BRDA:81,5,1,13
BRF:11
BRH:10
end_of_record
