TN:
SF:D:\katas\architecture\Kata--GildedRose--Refactoring\src\gilded_rose.js
FN:2,(anonymous_0)
FN:10,(anonymous_1)
FN:13,(anonymous_2)
FNF:3
FNH:3
FNDA:10,(anonymous_0)
FNDA:1,(anonymous_1)
FNDA:7,(anonymous_2)
DA:3,10
DA:4,10
DA:5,10
DA:11,1
DA:14,7
DA:15,70
DA:16,35
DA:17,32
DA:18,18
DA:22,35
DA:23,18
DA:24,18
DA:25,10
DA:26,5
DA:27,3
DA:30,10
DA:31,2
DA:32,1
DA:38,70
DA:39,56
DA:41,70
DA:42,25
DA:43,15
DA:44,13
DA:45,9
DA:46,2
DA:50,2
DA:53,10
DA:54,5
DA:60,7
DA:64,1
LF:31
LH:31
BRDA:10,0,0,0
BRDA:15,1,0,35
BRDA:15,1,1,35
BRDA:15,2,0,70
BRDA:15,2,1,56
BRDA:16,3,0,32
BRDA:16,3,1,3
BRDA:17,4,0,18
BRDA:17,4,1,14
BRDA:22,5,0,18
BRDA:22,5,1,17
BRDA:24,6,0,10
BRDA:24,6,1,8
BRDA:25,7,0,5
BRDA:25,7,1,5
BRDA:26,8,0,3
BRDA:26,8,1,2
BRDA:30,9,0,2
BRDA:30,9,1,8
BRDA:31,10,0,1
BRDA:31,10,1,1
BRDA:38,11,0,56
BRDA:38,11,1,14
BRDA:41,12,0,25
BRDA:41,12,1,45
BRDA:42,13,0,15
BRDA:42,13,1,10
BRDA:43,14,0,13
BRDA:43,14,1,2
BRDA:44,15,0,9
BRDA:44,15,1,4
BRDA:45,16,0,2
BRDA:45,16,1,7
BRDA:53,17,0,5
BRDA:53,17,1,5
BRF:35
BRH:34
end_of_record
